[2026-01-17 13:18:59,461] INFO - Quiz data received: 1. What is biology and what are its defining themes according to the text material?
   a) Biology is the study of everything in the world
   b) Biology is the science that explores the universe as a whole
   c) Biology is the field of science that focuses on the diverse forms of life on Earth
   d) Biology is the study of healing and treating diseases
   correct answer: Biology is the scientific study of life, with its unifying themes being the structure of cells, inheritance through genes, and the ability to process energy, regulation of internal environments.

2. Biologists can study life at multiple levels, including
   a) subatomic particles
   b) stars
   c) astronomy
   d) molecules
   correct answer: cells, organisms, and populations/ecosystems (from the molecular level to ecosystems

3. What evidences the unity and variety of life?
   a) The classification of organisms
   b) The ability to move and reproduce
   c) The presence of genes
   d) The transmission of genetic information
   correct answer: Evolution

4. Which kingdoms of organisms does biology study?
   a) Animals only
   b) Bacteria and plants only
   c) Fungi and protists only
   d) Archaea, bacteria, plants, and animals
   correct answer: Archaea, bacteria, protists, fungi, plants, and animals

5. What allows organisms to move, grow, and reproduce?
   a) Energy transfer
   b) Genetic transfer
   c) Internal regulation
   d) Environmental adaptation
   correct answer: Energy processing

Question 1: Which of the following definitions best fits the description of biology provided in the text material?

Using RESPONSE_JSON format:
{"question":"Biology can be described as which of the following? ", "options":{"a":"a) Everything in the world", "b":"b) The cosmos", "c":"c) Life on Earth", "d":"d) The trees"},"correct":"c"}

Question 2: Which of these groups does biology study in addition to animals?
   a) Only bacteria
   b) Only fungi
   c) archaea and archaebacteria (prokaryotes)
   d) Only plants
   correct answer: Archaea, bacteria, protists, and fungi

Question 3: What allows organisms to move, grow, and reproduce according to the text material?
   a) Internal regulation
   b) Genetic transition
   c) Evolutionary adaptation
   d) Energy utilization
   correct answer: Energy metabolism
[2026-01-17 13:21:50,748] INFO - Quiz data received: {"1": {"question": "What is biology?", "a": "The study of all living things.", "b": "The study of how living things are made up of cells.", "c": "The study of how living things reproduce and grow.", "d": "The study of how living things use energy.", "correct": "The study of how living things are related to each other through evolution."},
{"2": {"question": "What are the different levels of study in biology?", "a": "Molecular biology and evolution.", "b": "Cell biology and anatomy.", "c": "Ecology and evolution.", "d": "Population biology and ecosystems.", "correct": "Cells, organisms, and ecosystems."},
{"3": {"question": "The unity and diversity of life are explained by two main themes in biology. What are they? ", "a": "Energy and evolution.", "b": "Cells and ecosystems.", "c": "Evolution and genetics.", "d": "Genes and evolution."},
{"4": {"question": "What do biologists do? ", "a": "Observe and describe.", "b": "Hypothesize and test.", "c": "Know everything.", "d": "Make observations and draw conclusions."},
{"5": "Which type of organisms does biology study? ", "a": "Animals.", "b": "Prokaryotic cells.", "c": "Eukaryotes and plants.", "d": "All of the above."} }
[2026-01-17 13:21:50,851] ERROR - JSON decode error: Expecting property name enclosed in double quotes: line 2 column 1 (char 341)
[2026-01-17 13:21:50,851] ERROR - Quiz string: {"1": {"question": "What is biology?", "a": "The study of all living things.", "b": "The study of how living things are made up of cells.", "c": "The study of how living things reproduce and grow.", "d": "The study of how living things use energy.", "correct": "The study of how living things are related to each other through evolution."},
{"2": {"question": "What are the different levels of study in biology?", "a": "Molecular biology and evolution.", "b": "Cell biology and anatomy.", "c": "Ecolo
[2026-01-17 13:21:50,851] ERROR - Failed to parse table data from: {"1": {"question": "What is biology?", "a": "The study of all living things.", "b": "The study of how living things are made up of cells.", "c": "The study of how living things reproduce and grow.", "d": "The study of how living things use energy.", "correct": "The study of how living things are related to each other through evolution."},
{"2": {"question": "What are the different levels of study in biology?", "a": "Molecular biology and evolution.", "b": "Cell biology and anatomy.", "c": "Ecology and evolution.", "d": "Population biology and ecosystems.", "correct": "Cells, organisms, and ecosystems."},
{"3": {"question": "The unity and diversity of life are explained by two main themes in biology. What are they? ", "a": "Energy and evolution.", "b": "Cells and ecosystems.", "c": "Evolution and genetics.", "d": "Genes and evolution."},
{"4": {"question": "What do biologists do? ", "a": "Observe and describe.", "b": "Hypothesize and test.", "c": "Know everything.", "d": "Make observations and draw conclusions."},
{"5": "Which type of organisms does biology study? ", "a": "Animals.", "b": "Prokaryotic cells.", "c": "Eukaryotes and plants.", "d": "All of the above."} }
[2026-01-17 13:24:06,166] INFO - Quiz data received:  
<|assistant|>

```json
{
  "1": {
    "mcq": "What is biology?",
    "options": {
      "a": "The study of everything that is not physics or chemistry.",
      "b": "The scientific investigation of the natural world through experimentation and observation.",
      "c": "The examination of human disease and treatment.",
      "d": "The scientific study of life.",
      "correct": "d"
  },
  "2": {
    "mcq": "What are the three main themes that tie biology together?",
    "options": {
      "a": "Cells, evolution, and regulation of internal environments.",
      "b": "Cells, evolution, and metabolism.",
      "c": "Cells, evolution, and communication.",
      "d": "Natural selection, inheritance, and energy.",
      "correct": "a"
  },
  "3": {
    "mcq": "What types of organisms does biology study?",
    "options": {
      "a": "Archaea, bacteria, and protists.",
      "b": "Fungi, plants, and animals.",
      "c": "Eukaryotes and prokaryotes.",
      "d": "Archaea, plants, animals, and fungi.",
      "correct": "c"
  },
  "4": {
    "mcq": "Which major theme of biology allows for the study of life at different levels?",
    "options": {
      "a": "Energy processing.",
      "b": "Heredity.",
      "c": "Classification of organisms.",
      "d": "Functionality in ecosystems.",
      "correct": "a"
  },
  "5": {
    "mcq": "What is unique to living things that sets them apart from non-living things?",
    "options": {
      "a": "Ability to studies themselves.",
      "b": "Heredity and variability.",
      "c": "Ability to use energy to move, grow, and reproduce.",
      "d": "Ability to create new information.",
      "correct": "a"
  }
}
}
```
[2026-01-17 13:24:06,166] ERROR - Could not find matching closing brace in: <|assistant|>

```json
{
  "1": {
    "mcq": "What is biology?",
    "options": {
      "a": "The study of everything that is not physics or chemistry.",
      "b": "The scientific investigation of the natural world through experimentation and observation.",
      "c": "The examination of human dise
[2026-01-17 13:24:06,174] ERROR - Failed to parse table data from:  
<|assistant|>

```json
{
  "1": {
    "mcq": "What is biology?",
    "options": {
      "a": "The study of everything that is not physics or chemistry.",
      "b": "The scientific investigation of the natural world through experimentation and observation.",
      "c": "The examination of human disease and treatment.",
      "d": "The scientific study of life.",
      "correct": "d"
  },
  "2": {
    "mcq": "What are the three main themes that tie biology together?",
    "options": {
      "a": "Cells, evolution, and regulation of internal environments.",
      "b": "Cells, evolution, and metabolism.",
      "c": "Cells, evolution, and communication.",
      "d": "Natural selection, inheritance, and energy.",
      "correct": "a"
  },
  "3": {
    "mcq": "What types of organisms does biology study?",
    "options": {
      "a": "Archaea, bacteria, and protists.",
      "b": "Fungi, plants, and animals.",
      "c": "Eukaryotes and prokaryotes.",
      "d": "Archaea, plants, animals, and fungi.",
      "correct": "c"
  },
  "4": {
    "mcq": "Which major theme of biology allows for the study of life at different levels?",
    "options": {
      "a": "Energy processing.",
      "b": "Heredity.",
      "c": "Classification of organisms.",
      "d": "Functionality in ecosystems.",
      "correct": "a"
  },
  "5": {
    "mcq": "What is unique to living things that sets them apart from non-living things?",
    "options": {
      "a": "Ability to studies themselves.",
      "b": "Heredity and variability.",
      "c": "Ability to use energy to move, grow, and reproduce.",
      "d": "Ability to create new information.",
      "correct": "a"
  }
}
}
```
[2026-01-17 13:28:48,542] INFO - Quiz data received: 
 
<|assistant|>
{
  "1": {
    "mcq": "Biology is defined as the scientific study of what unifying characteristic of all living organisms?",
    "options": {
      "a": "their ability to regenerate lost body parts",
      "b": "their ability to reproduce",
      "c": "their use of hereditary information",
      "d": "their source of energy"
    },
    "correct": "c"
  },
  "2": {
    "mcq": "What is the concept that explains the unity and diversity of life?",
    "options": {
      "a": "evolution",
      "b": "classification",
      "c": "cell structure",
      "d": "behavior"
    },
    "correct": "a"
  },
  "3": {
    "mcq": "In biology, what level of organization can biologists study?",
    "options": {
      "a": "molecular",
      "b": "cellular",
      "c": "population",
      "d": "whole organism"
    },
    "correct": "c"
  },
  "4": {
    "mcq": "What processes do all living organisms have in common?",
    "options": {
      "a": "cell structure",
      "b": "movement",
      "c": "growth",
      "d": "internal regulation"
    },
    "correct": "d"
  },
  "5": {
    "mcq": "Which of these organisms do biologists study?",
    "options": {
      "a": "protists",
      "b": "fungi",
      "c": "bacteria",
      "d": "animals"
    },
    "correct": "a"
}
}
[2026-01-17 13:28:48,575] INFO - Successfully parsed JSON directly
[2026-01-17 13:28:48,575] INFO - Successfully parsed 5 questions
